2024-01-18T18:53:00.466+05:30  INFO 6248 --- [main] com.rc.ecommerce.ECommerceApplication    : Starting ECommerceApplication using Java 18.0.2 with PID 6248 (/home/ruwan/Documents/projects/my/E-Commerce/e-commerce/target/classes started by ruwan in /home/ruwan/Documents/projects/my/E-Commerce/e-commerce)
2024-01-18T18:53:00.472+05:30  INFO 6248 --- [main] com.rc.ecommerce.ECommerceApplication    : No active profile set, falling back to 1 default profile: "default"
2024-01-18T18:53:01.075+05:30  INFO 6248 --- [main] .s.d.r.c.RepositoryConfigurationDelegate : Bootstrapping Spring Data JPA repositories in DEFAULT mode.
2024-01-18T18:53:01.136+05:30  INFO 6248 --- [main] .s.d.r.c.RepositoryConfigurationDelegate : Finished Spring Data repository scanning in 55 ms. Found 12 JPA repository interfaces.
2024-01-18T18:53:01.518+05:30  INFO 6248 --- [main] o.s.b.w.embedded.tomcat.TomcatWebServer  : Tomcat initialized with port(s): 8080 (http)
2024-01-18T18:53:01.524+05:30  INFO 6248 --- [main] o.apache.catalina.core.StandardService   : Starting service [Tomcat]
2024-01-18T18:53:01.524+05:30  INFO 6248 --- [main] o.apache.catalina.core.StandardEngine    : Starting Servlet engine: [Apache Tomcat/10.1.13]
2024-01-18T18:53:01.574+05:30  INFO 6248 --- [main] o.a.c.c.C.[Tomcat].[localhost].[/]       : Initializing Spring embedded WebApplicationContext
2024-01-18T18:53:01.574+05:30  INFO 6248 --- [main] w.s.c.ServletWebServerApplicationContext : Root WebApplicationContext: initialization completed in 1050 ms
2024-01-18T18:53:01.887+05:30  INFO 6248 --- [main] o.s.o.j.p.SpringPersistenceUnitInfo      : No LoadTimeWeaver setup: ignoring JPA class transformer
2024-01-18T18:53:01.898+05:30  INFO 6248 --- [main] com.zaxxer.hikari.HikariDataSource       : HikariPool-1 - Starting...
2024-01-18T18:53:02.112+05:30  INFO 6248 --- [main] com.zaxxer.hikari.pool.HikariPool        : HikariPool-1 - Added connection com.mysql.cj.jdbc.ConnectionImpl@7a0f06ad
2024-01-18T18:53:02.113+05:30  INFO 6248 --- [main] com.zaxxer.hikari.HikariDataSource       : HikariPool-1 - Start completed.
2024-01-18T18:53:03.184+05:30  INFO 6248 --- [main] j.LocalContainerEntityManagerFactoryBean : Initialized JPA EntityManagerFactory for persistence unit 'default'
2024-01-18T18:53:03.413+05:30  INFO 6248 --- [main] o.s.d.j.r.query.QueryEnhancerFactory     : Hibernate is in classpath; If applicable, HQL parser will be used.
2024-01-18T18:53:03.879+05:30  WARN 6248 --- [main] JpaBaseConfiguration$JpaWebConfiguration : spring.jpa.open-in-view is enabled by default. Therefore, database queries may be performed during view rendering. Explicitly configure spring.jpa.open-in-view to disable this warning
2024-01-18T18:53:03.994+05:30 DEBUG 6248 --- [main] s.w.s.m.m.a.RequestMappingHandlerMapping : 30 mappings in 'requestMappingHandlerMapping'
2024-01-18T18:53:04.089+05:30 DEBUG 6248 --- [main] o.s.w.s.handler.SimpleUrlHandlerMapping  : Patterns [/webjars/**, /**, /swagger-ui*/*swagger-initializer.js, /swagger-ui*/**] in 'resourceHandlerMapping'
2024-01-18T18:53:04.134+05:30  INFO 6248 --- [main] o.s.s.web.DefaultSecurityFilterChain     : Will secure any request with [org.springframework.security.web.session.DisableEncodeUrlFilter@8941d98, org.springframework.security.web.context.request.async.WebAsyncManagerIntegrationFilter@6dd729, org.springframework.security.web.context.SecurityContextHolderFilter@6967cdee, org.springframework.security.web.header.HeaderWriterFilter@61b5c8a3, org.springframework.security.web.authentication.logout.LogoutFilter@4d8e6daa, com.rc.ecommerce.jwt.JwtAuthenticationFilter@1129775, org.springframework.security.web.savedrequest.RequestCacheAwareFilter@7ca29492, org.springframework.security.web.servletapi.SecurityContextHolderAwareRequestFilter@39482f2b, org.springframework.security.web.authentication.AnonymousAuthenticationFilter@767785a4, org.springframework.security.web.session.SessionManagementFilter@d4a4ba, org.springframework.security.web.access.ExceptionTranslationFilter@1e490ed, org.springframework.security.web.access.intercept.AuthorizationFilter@3e17219]
2024-01-18T18:53:04.216+05:30 DEBUG 6248 --- [main] s.w.s.m.m.a.RequestMappingHandlerAdapter : ControllerAdvice beans: 0 @ModelAttribute, 0 @InitBinder, 1 RequestBodyAdvice, 1 ResponseBodyAdvice
2024-01-18T18:53:04.248+05:30 DEBUG 6248 --- [main] .m.m.a.ExceptionHandlerExceptionResolver : ControllerAdvice beans: 1 @ExceptionHandler, 1 ResponseBodyAdvice
2024-01-18T18:53:04.596+05:30  INFO 6248 --- [main] o.s.b.w.embedded.tomcat.TomcatWebServer  : Tomcat started on port(s): 8080 (http) with context path ''
2024-01-18T18:53:04.605+05:30  INFO 6248 --- [main] com.rc.ecommerce.ECommerceApplication    : Started ECommerceApplication in 4.523 seconds (process running for 5.017)
2024-01-18T19:56:18.057+05:30  INFO 6248 --- [SpringApplicationShutdownHook] j.LocalContainerEntityManagerFactoryBean : Closing JPA EntityManagerFactory for persistence unit 'default'
2024-01-18T19:56:18.059+05:30  INFO 6248 --- [SpringApplicationShutdownHook] com.zaxxer.hikari.HikariDataSource       : HikariPool-1 - Shutdown initiated...
2024-01-18T19:56:18.061+05:30  INFO 6248 --- [SpringApplicationShutdownHook] com.zaxxer.hikari.HikariDataSource       : HikariPool-1 - Shutdown completed.
